<?xml version="1.0" encoding="UTF-8"?>
<!-- Generated by org.testng.reporters.JUnitXMLReporter -->
<testsuite ignored="0" hostname="ShreyasBhagat" failures="1" tests="1" name="SearchFunctionality" time="50.142" errors="0" timestamp="2025-06-17T23:18:57 IST">
  <testcase classname="testcases.TC_ProductSearchFunctionality" name="SearchFunctionality" time="37.926">
    <failure type="java.lang.AssertionError" message="❌ The following titles do not match keyword &amp;apos;jacket&amp;apos;:
Beaumont Summit Kit
Phoebe Zipper Sweatshirt
Proteus Fitness Jackshirt
Mars HeatTech™ Pullover
Taurus Elements Shell
Compete Track Tote expected [true] but found [false]">
      <![CDATA[java.lang.AssertionError: ❌ The following titles do not match keyword 'jacket':
Beaumont Summit Kit
Phoebe Zipper Sweatshirt
Proteus Fitness Jackshirt
Mars HeatTech™ Pullover
Taurus Elements Shell
Compete Track Tote expected [true] but found [false]
at testcases.TC_ProductSearchFunctionality.SearchFunctionality(TC_ProductSearchFunctionality.java:89)
at java.base/java.util.ArrayList.forEach(ArrayList.java:1597)
... Removed 28 stack frames]]>
    </failure>
  </testcase> <!-- SearchFunctionality -->
</testsuite> <!-- SearchFunctionality -->
