<?xml version="1.0" encoding="UTF-8"?>
<!-- Generated by org.testng.reporters.JUnitXMLReporter -->
<testsuite ignored="0" hostname="ShreyasBhagat" failures="1" tests="2" name="Test" time="107.97" errors="0" timestamp="2025-06-29T10:45:12 IST">
  <testcase classname="testcases.TC_ProductSearchFunctionality" name="FilterByCategory" time="12.074"/>
  <testcase classname="testcases.TC_ProductSearchFunctionality" name="SearchFunctionality" time="75.679">
    <failure type="java.lang.AssertionError" message="❌ The following titles do not match keyword &amp;apos;jacket&amp;apos;:
Beaumont Summit Kit
Phoebe Zipper Sweatshirt
Proteus Fitness Jackshirt
Mars HeatTech™ Pullover
Taurus Elements Shell
Compete Track Tote expected [true] but found [false]">
      <![CDATA[java.lang.AssertionError: ❌ The following titles do not match keyword 'jacket':
Beaumont Summit Kit
Phoebe Zipper Sweatshirt
Proteus Fitness Jackshirt
Mars HeatTech™ Pullover
Taurus Elements Shell
Compete Track Tote expected [true] but found [false]
at testcases.TC_ProductSearchFunctionality.SearchFunctionality(TC_ProductSearchFunctionality.java:112)
at java.base/java.util.ArrayList.forEach(ArrayList.java:1597)
... Removed 28 stack frames]]>
    </failure>
  </testcase> <!-- SearchFunctionality -->
</testsuite> <!-- Test -->
