<?xml version="1.0" encoding="UTF-8"?>
<!-- Generated by org.testng.reporters.JUnitXMLReporter -->
<testsuite ignored="0" hostname="SIGF4R1S7" failures="0" tests="3" name="Test" time="107.901" errors="0" timestamp="2024-03-07T14:19:44 IST">
  <testcase classname="testcases.TC_ForgotPWD" name="VerifyMethod1" time="29.672"/>
  <testcase classname="testcases.TC_ForgotPWD" name="VerifyMethod2" time="33.08"/>
  <testcase classname="testcases.TC_ForgotPWD" name="VerifyMethod3" time="16.071"/>
</testsuite> <!-- Test -->
